{"/home/triskelion/Development/code/phase-3/Project-Structure-CSF/src/bst-node.js": {"path":"/home/triskelion/Development/code/phase-3/Project-Structure-CSF/src/bst-node.js","statementMap":{"0":{"start":{"line":3,"column":6},"end":{"line":3,"column":23}},"1":{"start":{"line":4,"column":6},"end":{"line":4,"column":23}},"2":{"start":{"line":5,"column":6},"end":{"line":5,"column":24}}},"fnMap":{"0":{"name":"(anonymous_0)","decl":{"start":{"line":2,"column":4},"end":{"line":2,"column":5}},"loc":{"start":{"line":2,"column":22},"end":{"line":6,"column":5}},"line":2}},"branchMap":{},"s":{"0":4,"1":4,"2":4},"f":{"0":4},"b":{},"_coverageSchema":"43e27e138ebf9cfc5966b082cf9a028302ed4184","hash":"781c69e3e307c3bb25f59dfcbbb2e6e8e3110fcc"}
,"/home/triskelion/Development/code/phase-3/Project-Structure-CSF/src/bst.js": {"path":"/home/triskelion/Development/code/phase-3/Project-Structure-CSF/src/bst.js","statementMap":{"0":{"start":{"line":3,"column":6},"end":{"line":3,"column":23}},"1":{"start":{"line":7,"column":8},"end":{"line":13,"column":9}},"2":{"start":{"line":8,"column":10},"end":{"line":8,"column":27}},"3":{"start":{"line":9,"column":15},"end":{"line":13,"column":9}},"4":{"start":{"line":10,"column":10},"end":{"line":10,"column":32}},"5":{"start":{"line":11,"column":15},"end":{"line":13,"column":9}},"6":{"start":{"line":12,"column":10},"end":{"line":12,"column":33}}},"fnMap":{"0":{"name":"(anonymous_0)","decl":{"start":{"line":2,"column":4},"end":{"line":2,"column":5}},"loc":{"start":{"line":2,"column":18},"end":{"line":4,"column":5}},"line":2},"1":{"name":"(anonymous_1)","decl":{"start":{"line":6,"column":4},"end":{"line":6,"column":5}},"loc":{"start":{"line":6,"column":17},"end":{"line":14,"column":7}},"line":6}},"branchMap":{"0":{"loc":{"start":{"line":7,"column":8},"end":{"line":13,"column":9}},"type":"if","locations":[{"start":{"line":7,"column":8},"end":{"line":13,"column":9}},{"start":{"line":7,"column":8},"end":{"line":13,"column":9}}],"line":7},"1":{"loc":{"start":{"line":9,"column":15},"end":{"line":13,"column":9}},"type":"if","locations":[{"start":{"line":9,"column":15},"end":{"line":13,"column":9}},{"start":{"line":9,"column":15},"end":{"line":13,"column":9}}],"line":9},"2":{"loc":{"start":{"line":11,"column":15},"end":{"line":13,"column":9}},"type":"if","locations":[{"start":{"line":11,"column":15},"end":{"line":13,"column":9}},{"start":{"line":11,"column":15},"end":{"line":13,"column":9}}],"line":11}},"s":{"0":3,"1":3,"2":2,"3":1,"4":0,"5":1,"6":1},"f":{"0":3,"1":3},"b":{"0":[2,1],"1":[0,1],"2":[1,0]},"_coverageSchema":"43e27e138ebf9cfc5966b082cf9a028302ed4184","hash":"d25a518ab57c56c943f8213d8fb056c422d07525"}
}
