TN:
SF:/home/triskelion/Development/code/phase-3/Project-Structure-CSF/src/bst-node.js
FN:2,(anonymous_0)
FNF:1
FNH:1
FNDA:4,(anonymous_0)
DA:3,4
DA:4,4
DA:5,4
LF:3
LH:3
BRF:0
BRH:0
end_of_record
TN:
SF:/home/triskelion/Development/code/phase-3/Project-Structure-CSF/src/bst.js
FN:2,(anonymous_0)
FN:6,(anonymous_1)
FNF:2
FNH:2
FNDA:3,(anonymous_0)
FNDA:3,(anonymous_1)
DA:3,3
DA:7,3
DA:8,2
DA:9,1
DA:10,0
DA:11,1
DA:12,1
LF:7
LH:6
BRDA:7,0,0,2
BRDA:7,0,1,1
BRDA:9,1,0,0
BRDA:9,1,1,1
BRDA:11,2,0,1
BRDA:11,2,1,0
BRF:6
BRH:4
end_of_record
